2025-06-12T09:42:27.511+09:00  INFO 37900 --- [restartedMain] com.example.demo.SquareApplication       : Starting SquareApplication using Java 17.0.12 with PID 37900 (D:\Square\build\classes\java\main started by bitcamp in D:\Square)
2025-06-12T09:42:27.518+09:00  INFO 37900 --- [restartedMain] com.example.demo.SquareApplication       : No active profile set, falling back to 1 default profile: "default"
2025-06-12T09:42:27.589+09:00  INFO 37900 --- [restartedMain] .e.DevToolsPropertyDefaultsPostProcessor : Devtools property defaults active! Set 'spring.devtools.add-properties' to 'false' to disable
2025-06-12T09:42:27.589+09:00  INFO 37900 --- [restartedMain] .e.DevToolsPropertyDefaultsPostProcessor : For additional web related logging consider setting the 'logging.level.web' property to 'DEBUG'
2025-06-12T09:42:28.496+09:00  INFO 37900 --- [restartedMain] .s.d.r.c.RepositoryConfigurationDelegate : Bootstrapping Spring Data JPA repositories in DEFAULT mode.
2025-06-12T09:42:28.705+09:00  INFO 37900 --- [restartedMain] .s.d.r.c.RepositoryConfigurationDelegate : Finished Spring Data repository scanning in 202 ms. Found 19 JPA repository interfaces.
2025-06-12T09:42:29.454+09:00  INFO 37900 --- [restartedMain] o.s.b.w.embedded.tomcat.TomcatWebServer  : Tomcat initialized with port 8080 (http)
2025-06-12T09:42:29.469+09:00  INFO 37900 --- [restartedMain] o.apache.catalina.core.StandardService   : Starting service [Tomcat]
2025-06-12T09:42:29.469+09:00  INFO 37900 --- [restartedMain] o.apache.catalina.core.StandardEngine    : Starting Servlet engine: [Apache Tomcat/10.1.40]
2025-06-12T09:42:29.515+09:00  INFO 37900 --- [restartedMain] o.a.c.c.C.[Tomcat].[localhost].[/]       : Initializing Spring embedded WebApplicationContext
2025-06-12T09:42:29.515+09:00  INFO 37900 --- [restartedMain] w.s.c.ServletWebServerApplicationContext : Root WebApplicationContext: initialization completed in 1924 ms
2025-06-12T09:42:29.667+09:00  INFO 37900 --- [restartedMain] o.hibernate.jpa.internal.util.LogHelper  : HHH000204: Processing PersistenceUnitInfo [name: default]
2025-06-12T09:42:29.729+09:00  INFO 37900 --- [restartedMain] org.hibernate.Version                    : HHH000412: Hibernate ORM core version 6.6.13.Final
2025-06-12T09:42:29.761+09:00  INFO 37900 --- [restartedMain] o.h.c.internal.RegionFactoryInitiator    : HHH000026: Second-level cache disabled
2025-06-12T09:42:30.053+09:00  INFO 37900 --- [restartedMain] o.s.o.j.p.SpringPersistenceUnitInfo      : No LoadTimeWeaver setup: ignoring JPA class transformer
2025-06-12T09:42:30.086+09:00  INFO 37900 --- [restartedMain] com.zaxxer.hikari.HikariDataSource       : HikariPool-1 - Starting...
2025-06-12T09:42:30.281+09:00  INFO 37900 --- [restartedMain] com.zaxxer.hikari.pool.HikariPool        : HikariPool-1 - Added connection com.mysql.cj.jdbc.ConnectionImpl@662a9bf7
2025-06-12T09:42:30.287+09:00  INFO 37900 --- [restartedMain] com.zaxxer.hikari.HikariDataSource       : HikariPool-1 - Start completed.
2025-06-12T09:42:30.339+09:00  WARN 37900 --- [restartedMain] org.hibernate.orm.deprecation            : HHH90000025: MySQLDialect does not need to be specified explicitly using 'hibernate.dialect' (remove the property setting and it will be selected by default)
2025-06-12T09:42:30.360+09:00  INFO 37900 --- [restartedMain] org.hibernate.orm.connections.pooling    : HHH10001005: Database info:
	Database JDBC URL [Connecting through datasource 'HikariDataSource (HikariPool-1)']
	Database driver: undefined/unknown
	Database version: 8.0.40
	Autocommit mode: undefined/unknown
	Isolation level: undefined/unknown
	Minimum pool size: undefined/unknown
	Maximum pool size: undefined/unknown
2025-06-12T09:42:31.411+09:00  INFO 37900 --- [restartedMain] o.h.e.t.j.p.i.JtaPlatformInitiator       : HHH000489: No JTA platform available (set 'hibernate.transaction.jta.platform' to enable JTA platform integration)
2025-06-12T09:42:32.020+09:00  INFO 37900 --- [restartedMain] j.LocalContainerEntityManagerFactoryBean : Initialized JPA EntityManagerFactory for persistence unit 'default'
2025-06-12T09:42:32.331+09:00  INFO 37900 --- [restartedMain] o.s.d.j.r.query.QueryEnhancerFactory     : Hibernate is in classpath; If applicable, HQL parser will be used.
2025-06-12T09:42:34.040+09:00  WARN 37900 --- [restartedMain] JpaBaseConfiguration$JpaWebConfiguration : spring.jpa.open-in-view is enabled by default. Therefore, database queries may be performed during view rendering. Explicitly configure spring.jpa.open-in-view to disable this warning
2025-06-12T09:42:34.061+09:00  INFO 37900 --- [restartedMain] r$InitializeUserDetailsManagerConfigurer : Global AuthenticationManager configured with UserDetailsService bean with name customUserDetailsService
2025-06-12T09:42:34.129+09:00  INFO 37900 --- [restartedMain] o.s.b.a.w.s.WelcomePageHandlerMapping    : Adding welcome page: class path resource [static/index.html]
2025-06-12T09:42:34.467+09:00  INFO 37900 --- [restartedMain] o.s.b.d.a.OptionalLiveReloadServer       : LiveReload server is running on port 35729
2025-06-12T09:42:34.504+09:00  INFO 37900 --- [restartedMain] o.s.b.w.embedded.tomcat.TomcatWebServer  : Tomcat started on port 8080 (http) with context path '/'
2025-06-12T09:42:34.515+09:00  INFO 37900 --- [restartedMain] com.example.demo.SquareApplication       : Started SquareApplication in 7.51 seconds (process running for 8.227)
2025-06-12T09:46:44.587+09:00  INFO 37900 --- [http-nio-8080-exec-1] o.a.c.c.C.[Tomcat].[localhost].[/]       : Initializing Spring DispatcherServlet 'dispatcherServlet'
2025-06-12T09:46:44.591+09:00  INFO 37900 --- [http-nio-8080-exec-1] o.s.web.servlet.DispatcherServlet        : Initializing Servlet 'dispatcherServlet'
2025-06-12T09:46:44.592+09:00  INFO 37900 --- [http-nio-8080-exec-1] o.s.web.servlet.DispatcherServlet        : Completed initialization in 1 ms
2025-06-12T10:09:45.453+09:00  WARN 37900 --- [http-nio-8080-exec-9] .w.s.m.s.DefaultHandlerExceptionResolver : Resolved [org.springframework.http.converter.HttpMessageNotReadableException: Required request body is missing: public org.springframework.http.ResponseEntity<org.json.simple.JSONObject> com.example.payment.controller.PaymentController.confirmPayment(java.lang.String) throws java.lang.Exception]
2025-06-12T17:02:32.472+09:00  INFO 37900 --- [SpringApplicationShutdownHook] o.s.b.w.e.tomcat.GracefulShutdown        : Commencing graceful shutdown. Waiting for active requests to complete
2025-06-12T17:02:32.538+09:00  INFO 37900 --- [tomcat-shutdown] o.s.b.w.e.tomcat.GracefulShutdown        : Graceful shutdown complete
2025-06-12T17:02:32.584+09:00  INFO 37900 --- [SpringApplicationShutdownHook] j.LocalContainerEntityManagerFactoryBean : Closing JPA EntityManagerFactory for persistence unit 'default'
2025-06-12T17:02:32.590+09:00  INFO 37900 --- [SpringApplicationShutdownHook] com.zaxxer.hikari.HikariDataSource       : HikariPool-1 - Shutdown initiated...
2025-06-12T17:02:32.593+09:00  INFO 37900 --- [SpringApplicationShutdownHook] com.zaxxer.hikari.HikariDataSource       : HikariPool-1 - Shutdown completed.
